2025-03-10T19:35:06.099+10:00 INFO [T:1] Platform: win, framework: .NETCoreApp,Version=v8.0
2025-03-10T19:35:06.099+10:00 INFO [T:1] JSA version 1.0.0.0, started with command line: "C:\Users\Герыч\AppData\Local\Application Inspector Analyzer\utils\JSA\JSA.dll" go srv --connection-type Pipe --pipe pipe-eeceff0e-9739-4902-a8fd-3aa08cd33473-go --scan-target c:\Users\Герыч\Desktop\news_app --temp-dir c:\Users\Герыч\Desktop\news_app\.ai\Temp\a2d59f0678fa43b5b58fdb2002ce0207\Go --free-memory-percent-limit 14 --logs-dir c:\Users\Герыч\Desktop\news_app\.ai\Logs\Infrastructure\2025-03-10-19-34-23\Go
2025-03-10T19:35:07.039+10:00 INFO [T:7] Reading dependencies versions...
2025-03-10T19:35:07.039+10:00 INFO [T:7] Selected language provider: JSA.GoProvider
2025-03-10T19:35:07.451+10:00 INFO [T:9] Loading knowledge base
2025-03-10T19:35:07.451+10:00 INFO [T:9] Loading custom knowledge base from folder C:\Users\Герыч\AppData\Local\Application Inspector Analyzer\utils\JSA\Scripts.
2025-03-10T19:35:07.452+10:00 WARN [T:9] Directory custom knowledge base C:\Users\Герыч\AppData\Local\Application Inspector Analyzer\utils\JSA\Scripts not found.
2025-03-10T19:35:07.452+10:00 INFO [T:9] Finished loading custom knowledge base.
2025-03-10T19:35:07.452+10:00 WARN [T:9] Core knowledge base doesn't exist.
2025-03-10T19:35:07.452+10:00 INFO [T:9] Custom knowledge base initialized.
2025-03-10T19:35:08.062+10:00 INFO [T:9] File c:\Users\Герыч\Desktop\news_app\go.mod ignored.
2025-03-10T19:35:08.240+10:00 INFO [T:5] File main.go read (Elapsed: (Elapsed: 00:00.177)).
2025-03-10T19:35:08.259+10:00 INFO [T:5] File main.go tokenized (Elapsed: 00:00.006).
2025-03-10T19:35:08.312+10:00 INFO [T:5] File main.go parsed (Elapsed: 00:00.051).
2025-03-10T19:35:08.333+10:00 INFO [T:5] File main.go converted (Elapsed: 00:00.020).
2025-03-10T19:35:08.333+10:00 INFO [T:9] Discovered and converted 1 files.
2025-03-10T19:36:25.804+10:00 INFO [T:18] Declaration collection started
2025-03-10T19:36:25.804+10:00 INFO [T:18] Discovered 1 packages
2025-03-10T19:36:25.804+10:00 INFO [T:18] Declaration collection finished
2025-03-10T19:36:25.804+10:00 INFO [T:18] Initializing project types
2025-03-10T19:36:25.826+10:00 INFO [T:18] Initializing main
2025-03-10T19:36:25.826+10:00 INFO [T:18] main initialized
2025-03-10T19:36:25.826+10:00 INFO [T:18] Root entry points execution...
2025-03-10T19:36:25.840+10:00 INFO [T:18] Root entry points executed.
2025-03-10T19:36:25.840+10:00 INFO [T:18] Frameworks entry points execution...
2025-03-10T19:36:25.871+10:00 INFO [T:18] Frameworks entry points executed.
2025-03-10T19:36:25.880+10:00 INFO [T:3] Please implement this method for incremental scan support.
2025-03-10T19:36:25.880+10:00 INFO [T:3] Scanning completed successfully.
